This is pdfTeX, Version 3.1415926-2.5-1.40.14 (TeX Live 2013) (format=pdflatex 2013.10.17)  17 JUN 2014 23:06
entering extended mode
 \write18 enabled.
 %&-line parsing enabled.
**draft.tex
(./draft.tex
LaTeX2e <2011/06/27>
Babel <3.9f> and hyphenation patterns for 21 languages loaded.
(/usr/local/texlive/2013basic/texmf-dist/tex/latex/base/article.cls
Document Class: article 2007/10/19 v1.4h Standard LaTeX document class
(/usr/local/texlive/2013basic/texmf-dist/tex/latex/base/size10.clo
File: size10.clo 2007/10/19 v1.4h Standard LaTeX file (size option)
)
\c@part=\count79
\c@section=\count80
\c@subsection=\count81
\c@subsubsection=\count82
\c@paragraph=\count83
\c@subparagraph=\count84
\c@figure=\count85
\c@table=\count86
\abovecaptionskip=\skip41
\belowcaptionskip=\skip42
\bibindent=\dimen102
)
(/usr/local/texlive/2013basic/texmf-dist/tex/latex/tools/layout.sty
Package: layout 2000/09/25 v1.2c Show layout parameters
\oneinch=\count87
\cnt@paperwidth=\count88
\cnt@paperheight=\count89
\cnt@hoffset=\count90
\cnt@voffset=\count91
\cnt@textheight=\count92
\cnt@textwidth=\count93
\cnt@topmargin=\count94
\cnt@oddsidemargin=\count95
\cnt@evensidemargin=\count96
\cnt@headheight=\count97
\cnt@headsep=\count98
\cnt@marginparsep=\count99
\cnt@marginparwidth=\count100
\cnt@marginparpush=\count101
\cnt@footskip=\count102
\fheight=\count103
\ref@top=\count104
\ref@hoffset=\count105
\ref@voffset=\count106
\ref@head=\count107
\ref@body=\count108
\ref@foot=\count109
\ref@margin=\count110
\ref@marginwidth=\count111
\ref@marginpar=\count112
\Interval=\count113
\ExtraYPos=\count114
\PositionX=\count115
\PositionY=\count116
\ArrowLength=\count117
)
(/usr/local/texlive/2013basic/texmf-dist/tex/latex/graphics/graphicx.sty
Package: graphicx 1999/02/16 v1.0f Enhanced LaTeX Graphics (DPC,SPQR)

(/usr/local/texlive/2013basic/texmf-dist/tex/latex/graphics/keyval.sty
Package: keyval 1999/03/16 v1.13 key=value parser (DPC)
\KV@toks@=\toks14
)
(/usr/local/texlive/2013basic/texmf-dist/tex/latex/graphics/graphics.sty
Package: graphics 2009/02/05 v1.0o Standard LaTeX Graphics (DPC,SPQR)

(/usr/local/texlive/2013basic/texmf-dist/tex/latex/graphics/trig.sty
Package: trig 1999/03/16 v1.09 sin cos tan (DPC)
)
(/usr/local/texlive/2013basic/texmf-dist/tex/latex/latexconfig/graphics.cfg
File: graphics.cfg 2010/04/23 v1.9 graphics configuration of TeX Live
)
Package graphics Info: Driver file: pdftex.def on input line 91.

(/usr/local/texlive/2013basic/texmf-dist/tex/latex/pdftex-def/pdftex.def
File: pdftex.def 2011/05/27 v0.06d Graphics/color for pdfTeX

(/usr/local/texlive/2013basic/texmf-dist/tex/generic/oberdiek/infwarerr.sty
Package: infwarerr 2010/04/08 v1.3 Providing info/warning/error messages (HO)
)
(/usr/local/texlive/2013basic/texmf-dist/tex/generic/oberdiek/ltxcmds.sty
Package: ltxcmds 2011/11/09 v1.22 LaTeX kernel commands for general use (HO)
)
\Gread@gobject=\count118
))
\Gin@req@height=\dimen103
\Gin@req@width=\dimen104
)
(/usr/local/texlive/2013basic/texmf-dist/tex/latex/listings/listings.sty
\lst@mode=\count119
\lst@gtempboxa=\box26
\lst@token=\toks15
\lst@length=\count120
\lst@currlwidth=\dimen105
\lst@column=\count121
\lst@pos=\count122
\lst@lostspace=\dimen106
\lst@width=\dimen107
\lst@newlines=\count123
\lst@lineno=\count124
\lst@maxwidth=\dimen108

(/usr/local/texlive/2013basic/texmf-dist/tex/latex/listings/lstmisc.sty
File: lstmisc.sty 2013/08/26 1.5b (Carsten Heinz)
\c@lstnumber=\count125
\lst@skipnumbers=\count126
\lst@framebox=\box27
)
(/usr/local/texlive/2013basic/texmf-dist/tex/latex/listings/listings.cfg
File: listings.cfg 2013/08/26 1.5b listings configuration
))
Package: listings 2013/08/26 1.5b (Carsten Heinz)

(/usr/local/texlive/2013basic/texmf-dist/tex/latex/mdwtools/syntax.sty
Package: syntax 1996/05/17 1.07 Syntax typesetting (MDW)
\grammarparsep=\skip43
\grammarindent=\dimen109
\sdstartspace=\skip44
\sdendspace=\skip45
\sdmidskip=\skip46
\sdtokskip=\skip47
\sdfinalskip=\skip48
\sdrulewidth=\dimen110
\sdcirclediam=\dimen111
\sdindent=\dimen112
)
(/usr/local/texlive/2013basic/texmf-dist/tex/latex/listing/listing.sty
Package: listing 1999/05/25

Package `listing', V1.2, <1999/05/25>
\c@listing=\count127
) (/usr/local/texlive/2013basic/texmf-dist/tex/latex/url/url.sty
\Urlmuskip=\muskip10
Package: url 2006/04/12  ver 3.3  Verb mode for urls, etc.
)
(/usr/local/texlive/2013basic/texmf-dist/tex/latex/framed/framed.sty
Package: framed 2011/10/22 v 0.96: framed or shaded text with page breaks
\OuterFrameSep=\skip49
\fb@frw=\dimen113
\fb@frh=\dimen114
\FrameRule=\dimen115
\FrameSep=\dimen116
)
(/usr/local/texlive/2013basic/texmf-dist/tex/latex/preprint/authblk.sty
Package: authblk 2001/02/27 1.3 (PWD)
\affilsep=\skip50
\@affilsep=\skip51
\c@Maxaffil=\count128
\c@authors=\count129
\c@affil=\count130
)
(/usr/local/texlive/2013basic/texmf-dist/tex/latex/amsmath/amsmath.sty
Package: amsmath 2013/01/14 v2.14 AMS math features
\@mathmargin=\skip52

For additional information on amsmath, use the `?' option.
(/usr/local/texlive/2013basic/texmf-dist/tex/latex/amsmath/amstext.sty
Package: amstext 2000/06/29 v2.01

(/usr/local/texlive/2013basic/texmf-dist/tex/latex/amsmath/amsgen.sty
File: amsgen.sty 1999/11/30 v2.0
\@emptytoks=\toks16
\ex@=\dimen117
))
(/usr/local/texlive/2013basic/texmf-dist/tex/latex/amsmath/amsbsy.sty
Package: amsbsy 1999/11/29 v1.2d
\pmbraise@=\dimen118
)
(/usr/local/texlive/2013basic/texmf-dist/tex/latex/amsmath/amsopn.sty
Package: amsopn 1999/12/14 v2.01 operator names
)
\inf@bad=\count131
LaTeX Info: Redefining \frac on input line 210.
\uproot@=\count132
\leftroot@=\count133
LaTeX Info: Redefining \overline on input line 306.
\classnum@=\count134
\DOTSCASE@=\count135
LaTeX Info: Redefining \ldots on input line 378.
LaTeX Info: Redefining \dots on input line 381.
LaTeX Info: Redefining \cdots on input line 466.
\Mathstrutbox@=\box28
\strutbox@=\box29
\big@size=\dimen119
LaTeX Font Info:    Redeclaring font encoding OML on input line 566.
LaTeX Font Info:    Redeclaring font encoding OMS on input line 567.
\macc@depth=\count136
\c@MaxMatrixCols=\count137
\dotsspace@=\muskip11
\c@parentequation=\count138
\dspbrk@lvl=\count139
\tag@help=\toks17
\row@=\count140
\column@=\count141
\maxfields@=\count142
\andhelp@=\toks18
\eqnshift@=\dimen120
\alignsep@=\dimen121
\tagshift@=\dimen122
\tagwidth@=\dimen123
\totwidth@=\dimen124
\lineht@=\dimen125
\@envbody=\toks19
\multlinegap=\skip53
\multlinetaggap=\skip54
\mathdisplay@stack=\toks20
LaTeX Info: Redefining \[ on input line 2665.
LaTeX Info: Redefining \] on input line 2666.
)
(/usr/local/texlive/2013basic/texmf-dist/tex/latex/tools/verbatim.sty
Package: verbatim 2003/08/22 v1.5q LaTeX2e package for verbatim enhancements
\every@verbatim=\toks21
\verbatim@line=\toks22
\verbatim@in@stream=\read1
)
(/usr/local/texlive/2013basic/texmf-dist/tex/latex/tools/hhline.sty
Package: hhline 1994/05/23 v2.03 Table rule package (DPC)
)
(./algorithm2e.sty
Package: algorithm2e 2013/01/06 v5.00 algorithms environments
\c@AlgoLine=\count143

(/usr/local/texlive/2013basic/texmf-dist/tex/latex/base/ifthen.sty
Package: ifthen 2001/05/26 v1.1c Standard LaTeX ifthen package (DPC)
)
(/usr/local/texlive/2013basic/texmf-dist/tex/latex/tools/xspace.sty
Package: xspace 2009/10/20 v1.13 Space after command names (DPC,MH)
)
(/usr/local/texlive/2013basic/texmf-dist/tex/latex/relsize/relsize.sty
Package: relsize 2013/03/29 ver 4.1
)
********************************************************
Package `algorithm2e' Release 5.0 -- january 06 2013 --
- algorithm2e-announce@lirmm.fr mailing list for announcement about releases
- algorithm2e-discussion@lirmm.fr mailing list for discussion about package
subscribe by emailing sympa@lirmm.fr with 'subscribe <list> <firstname name>'
- Author: Christophe Fiorio (cfiorio@um2.fr)
********************************************************
\skiptotal=\skip55
\skiplinenumber=\skip56
\skiprule=\skip57
\skiphlne=\skip58
\skiptext=\skip59
\skiplength=\skip60
\algomargin=\skip61
\skipalgocfslide=\skip62
\algowidth=\dimen126
\inoutsize=\dimen127
\inoutindent=\dimen128
\interspacetitleruled=\dimen129
\interspacealgoruled=\dimen130
\interspacetitleboxruled=\dimen131
\algocf@inoutbox=\box30
\algocf@inputbox=\box31
\AlCapSkip=\skip63
\AlCapHSkip=\skip64
\algoskipindent=\skip65
\algocf@nlbox=\box32
\algocf@hangingbox=\box33
\algocf@untilbox=\box34
\algocf@skipuntil=\skip66
\algocf@capbox=\box35
\algoheightruledefault=\skip67
\algoheightrule=\skip68
\algotitleheightruledefault=\skip69
\algotitleheightrule=\skip70
\c@algocfline=\count144
\c@algocfproc=\count145
\c@algocf=\count146
\algocf@algoframe=\box36
\algocf@algobox=\box37
) (/usr/local/texlive/2013basic/texmf-dist/tex/latex/makecell/makecell.sty
Package: makecell 2009/08/03 V0.1e Managing of Tab Column Heads and Cells

(/usr/local/texlive/2013basic/texmf-dist/tex/latex/tools/array.sty
Package: array 2008/09/09 v2.4c Tabular extension package (FMi)
\col@sep=\dimen132
\extrarowheight=\dimen133
\NC@list=\toks23
\extratabsurround=\skip71
\backup@length=\skip72
)
\rotheadsize=\dimen134
\c@nlinenum=\count147
\TeXr@lab=\toks24
)
(/usr/local/texlive/2013basic/texmf-dist/tex/latex/floatrow/floatrow.sty
Package: floatrow 2008/08/02 v0.3b floatrow: float package extension

(/usr/local/texlive/2013basic/texmf-dist/tex/latex/caption/caption3.sty
Package: caption3 2013/05/02 v1.6-88 caption3 kernel (AR)
Package caption3 Info: TeX engine: e-TeX on input line 57.
\captionmargin=\dimen135
\captionmargin@=\dimen136
\captionwidth=\dimen137
\caption@tempdima=\dimen138
\caption@indent=\dimen139
\caption@parindent=\dimen140
\caption@hangindent=\dimen141
)
\c@float@type=\count148
\float@exts=\toks25
\float@box=\box38
\@floatcapt=\box39
Package floatrow Info: Modified float package code loaded on input line 455.
Package floatrow Info: Modified rotfloat package code loaded on input line 473.

\FR@everyfloat=\toks26
\flrow@foot=\insert233
\FB@wd=\dimen142
\FBo@wd=\dimen143
\FBc@wd=\dimen144
\FBo@ht=\skip73
\FBc@ht=\skip74
\FBf@ht=\skip75
\FBo@max=\skip76
\FBc@max=\skip77
\FBf@max=\skip78
\c@FBl@b=\count149
\floatbox@depth=\count150
\c@FRobj=\count151
\c@FRsobj=\count152
\Xhsize=\skip79
\sXhsize=\skip80
\Zhsize=\skip81
\sZhsize=\skip82
\flrow@rowbox=\box40
\FR@Zunitlength=\dimen145
\c@FBcnt=\count153
\FPOScnt=\count154
\LTleft=\skip83
\LTright=\skip84
\LTleft=\skip85
\LTright=\skip86
\flrow@types=\toks27
)
(./draft.aux)
\openout1 = `draft.aux'.

LaTeX Font Info:    Checking defaults for OML/cmm/m/it on input line 28.
LaTeX Font Info:    ... okay on input line 28.
LaTeX Font Info:    Checking defaults for T1/cmr/m/n on input line 28.
LaTeX Font Info:    ... okay on input line 28.
LaTeX Font Info:    Checking defaults for OT1/cmr/m/n on input line 28.
LaTeX Font Info:    ... okay on input line 28.
LaTeX Font Info:    Checking defaults for OMS/cmsy/m/n on input line 28.
LaTeX Font Info:    ... okay on input line 28.
LaTeX Font Info:    Checking defaults for OMX/cmex/m/n on input line 28.
LaTeX Font Info:    ... okay on input line 28.
LaTeX Font Info:    Checking defaults for U/cmr/m/n on input line 28.
LaTeX Font Info:    ... okay on input line 28.

(/usr/local/texlive/2013basic/texmf-dist/tex/context/base/supp-pdf.mkii
[Loading MPS to PDF converter (version 2006.09.02).]
\scratchcounter=\count155
\scratchdimen=\dimen146
\scratchbox=\box41
\nofMPsegments=\count156
\nofMParguments=\count157
\everyMPshowfont=\toks28
\MPscratchCnt=\count158
\MPscratchDim=\dimen147
\MPnumerator=\count159
\makeMPintoPDFobject=\count160
\everyMPtoPDFconversion=\toks29
) (/usr/local/texlive/2013basic/texmf-dist/tex/generic/oberdiek/pdftexcmds.sty
Package: pdftexcmds 2011/11/29 v0.20 Utility functions of pdfTeX for LuaTeX (HO
)

(/usr/local/texlive/2013basic/texmf-dist/tex/generic/oberdiek/ifluatex.sty
Package: ifluatex 2010/03/01 v1.3 Provides the ifluatex switch (HO)
Package ifluatex Info: LuaTeX not detected.
)
(/usr/local/texlive/2013basic/texmf-dist/tex/generic/oberdiek/ifpdf.sty
Package: ifpdf 2011/01/30 v2.3 Provides the ifpdf switch (HO)
Package ifpdf Info: pdfTeX in PDF mode is detected.
)
Package pdftexcmds Info: LuaTeX not detected.
Package pdftexcmds Info: \pdf@primitive is available.
Package pdftexcmds Info: \pdf@ifprimitive is available.
Package pdftexcmds Info: \pdfdraftmode found.
)
(/usr/local/texlive/2013basic/texmf-dist/tex/latex/oberdiek/epstopdf-base.sty
Package: epstopdf-base 2010/02/09 v2.5 Base part for package epstopdf

(/usr/local/texlive/2013basic/texmf-dist/tex/latex/oberdiek/grfext.sty
Package: grfext 2010/08/19 v1.1 Manage graphics extensions (HO)

(/usr/local/texlive/2013basic/texmf-dist/tex/generic/oberdiek/kvdefinekeys.sty
Package: kvdefinekeys 2011/04/07 v1.3 Define keys (HO)
)) (/usr/local/texlive/2013basic/texmf-dist/tex/latex/oberdiek/kvoptions.sty
Package: kvoptions 2011/06/30 v3.11 Key value format for package options (HO)

(/usr/local/texlive/2013basic/texmf-dist/tex/generic/oberdiek/kvsetkeys.sty
Package: kvsetkeys 2012/04/25 v1.16 Key value parser (HO)

(/usr/local/texlive/2013basic/texmf-dist/tex/generic/oberdiek/etexcmds.sty
Package: etexcmds 2011/02/16 v1.5 Avoid name clashes with e-TeX commands (HO)
Package etexcmds Info: Could not find \expanded.
(etexcmds)             That can mean that you are not using pdfTeX 1.50 or
(etexcmds)             that some package has redefined \expanded.
(etexcmds)             In the latter case, load this package earlier.
)))
Package grfext Info: Graphics extension search list:
(grfext)             [.png,.pdf,.jpg,.mps,.jpeg,.jbig2,.jb2,.PNG,.PDF,.JPG,.JPE
G,.JBIG2,.JB2,.eps]
(grfext)             \AppendGraphicsExtensions on input line 452.

(/usr/local/texlive/2013basic/texmf-dist/tex/latex/latexconfig/epstopdf-sys.cfg
File: epstopdf-sys.cfg 2010/07/13 v1.3 Configuration of (r)epstopdf for TeX Liv
e
))
\c@lstlisting=\count161
Package caption Info: Begin \AtBeginDocument code.
Package caption Info: End \AtBeginDocument code.
 (/usr/local/texlive/2013basic/texmf-dist/tex/latex/graphics/color.sty
Package: color 2005/11/14 v1.0j Standard LaTeX Color (DPC)

(/usr/local/texlive/2013basic/texmf-dist/tex/latex/latexconfig/color.cfg
File: color.cfg 2007/01/18 v1.5 color configuration of teTeX/TeXLive
)
Package color Info: Driver file: pdftex.def on input line 130.
)
LaTeX Font Info:    Try loading font information for OMS+cmr on input line 43.

(/usr/local/texlive/2013basic/texmf-dist/tex/latex/base/omscmr.fd
File: omscmr.fd 1999/05/25 v2.5h Standard LaTeX font definitions
)
LaTeX Font Info:    Font shape `OMS/cmr/m/it' in size <12> not available
(Font)              Font shape `OMS/cmsy/m/n' tried instead on input line 43.
LaTeX Font Info:    Font shape `OMS/cmr/m/n' in size <10> not available
(Font)              Font shape `OMS/cmsy/m/n' tried instead on input line 62.
 [1{/usr/local/texlive/2013basic/texmf-var/fonts/map/pdftex/updmap/pdftex.map}


]
<demo.png, id=14, 1274.7625pt x 539.01375pt>
File: demo.png Graphic file (type png)
 <use demo.png>
Package pdftex.def Info: demo.png used on input line 91.
(pdftex.def)             Requested size: 229.44734pt x 97.01828pt.

Underfull \vbox (badness 4660) has occurred while \output is active []

 [2 <./demo.png>]
Underfull \hbox (badness 1521) in paragraph at lines 136--137
[]\OT1/cmr/m/n/10 The ob-jec-tive func-tion for op-ti-miza-tion prob-
 []

[3]
Underfull \hbox (badness 3000) in paragraph at lines 169--170
\OT1/cmr/m/n/10 Nev-er-the-less many types of in-network pro-cess
 []


Underfull \hbox (badness 1215) in paragraph at lines 177--178
[]\OT1/cmr/m/n/10 We can rewrite 1a to $[] \OML/cmm/m/it/10 f[]\OT1/cmr/m/n/10 
(\OML/cmm/m/it/10 e\OT1/cmr/m/n/10 ) \OMS/cmsy/m/n/10 ^^@ [] \OML/cmm/m/it/10 f
[]\OT1/cmr/m/n/10 (\OML/cmm/m/it/10 e\OT1/cmr/m/n/10 ) =
 []


Underfull \vbox (badness 10000) has occurred while \output is active []

 [4]
Underfull \hbox (badness 10000) in paragraph at lines 228--228
[]\OT1/cmr/bx/n/10 Algorithm 1: \OT1/cmr/m/n/10 Ap-prox-i-ma-tion Mid-dle-box
 []

[5] (./draft.bbl
Underfull \hbox (badness 2376) in paragraph at lines 25--30
[]\OT1/cmr/m/sc/10 Martins, J., Ahmed, M., Raiciu, C.,
 []

) [6]
Underfull \hbox (badness 7291) in paragraph at lines 266--267
[]\OT1/cmr/m/n/10 For each node v and each $\OML/cmm/m/it/10 ^^Y$\OT1/cmr/m/n/1
0 , $\OML/cmm/m/it/10 w\OT1/cmr/m/n/10 (\OML/cmm/m/it/10 e\OT1/cmr/m/n/10 ) =
 []


Underfull \hbox (badness 10000) in paragraph at lines 270--273
[]\OT1/cmr/m/n/10 For work-load we have: $\OML/cmm/m/it/10 w\OT1/cmr/m/n/10 (\O
ML/cmm/m/it/10 e\OT1/cmr/m/n/10 ) =$
 []


Underfull \hbox (badness 10000) in paragraph at lines 270--273

 []


Underfull \hbox (badness 10000) in paragraph at lines 292--294

 []

[7]
Underfull \hbox (badness 1629) in paragraph at lines 323--324
[]\OT1/cmr/m/it/10 Second \OT1/cmr/m/n/10 we need to show for a cer-tain path
 []


Underfull \hbox (badness 10000) in paragraph at lines 331--332

 []


Underfull \hbox (badness 1281) in paragraph at lines 333--336
[]\OT1/cmr/m/n/10 (1a) $\OMS/cmsy/m/n/10 8\OML/cmm/m/it/10 v \OMS/cmsy/m/n/10 2
 \OML/cmm/m/it/10 ^^Y\OT1/cmr/m/n/10 ; [] \OML/cmm/m/it/10 f\OT1/cmr/m/n/10 (\O
ML/cmm/m/it/10 e\OT1/cmr/m/n/10 ) \OMS/cmsy/m/n/10 ^^@ [] \OML/cmm/m/it/10 f\OT
1/cmr/m/n/10 (\OML/cmm/m/it/10 e\OT1/cmr/m/n/10 )$= $[] \OML/cmm/m/it/10 f\OT1/
cmr/m/n/10 (\OML/cmm/m/it/10 e\OT1/cmr/m/n/10 ) \OMS/cmsy/m/n/10 ^^@
 []

[8] (./draft.aux) ) 
Here is how much of TeX's memory you used:
 6563 strings out of 494536
 94062 string characters out of 6167445
 199238 words of memory out of 5000000
 9720 multiletter control sequences out of 15000+600000
 10544 words of font info for 38 fonts, out of 8000000 for 9000
 319 hyphenation exceptions out of 8191
 38i,15n,38p,1146b,430s stack positions out of 5000i,500n,10000p,200000b,80000s
</usr/local/texlive/2013basic/texmf-dist/fonts/type1/public/
amsfonts/cm/cmbx10.pfb></usr/local/texlive/2013basic/texmf-dist/fonts/type1/pub
lic/amsfonts/cm/cmbx12.pfb></usr/local/texlive/2013basic/texmf-dist/fonts/type1
/public/amsfonts/cm/cmbxti10.pfb></usr/local/texlive/2013basic/texmf-dist/fonts
/type1/public/amsfonts/cm/cmcsc10.pfb></usr/local/texlive/2013basic/texmf-dist/
fonts/type1/public/amsfonts/cm/cmex10.pfb></usr/local/texlive/2013basic/texmf-d
ist/fonts/type1/public/amsfonts/cmextra/cmex7.pfb></usr/local/texlive/2013basic
/texmf-dist/fonts/type1/public/amsfonts/cm/cmmi10.pfb></usr/local/texlive/2013b
asic/texmf-dist/fonts/type1/public/amsfonts/cm/cmmi5.pfb></usr/local/texlive/20
13basic/texmf-dist/fonts/type1/public/amsfonts/cm/cmmi7.pfb></usr/local/texlive
/2013basic/texmf-dist/fonts/type1/public/amsfonts/cm/cmr10.pfb></usr/local/texl
ive/2013basic/texmf-dist/fonts/type1/public/amsfonts/cm/cmr12.pfb></usr/local/t
exlive/2013basic/texmf-dist/fonts/type1/public/amsfonts/cm/cmr17.pfb></usr/loca
l/texlive/2013basic/texmf-dist/fonts/type1/public/amsfonts/cm/cmr5.pfb></usr/lo
cal/texlive/2013basic/texmf-dist/fonts/type1/public/amsfonts/cm/cmr7.pfb></usr/
local/texlive/2013basic/texmf-dist/fonts/type1/public/amsfonts/cm/cmr8.pfb></us
r/local/texlive/2013basic/texmf-dist/fonts/type1/public/amsfonts/cm/cmsy10.pfb>
</usr/local/texlive/2013basic/texmf-dist/fonts/type1/public/amsfonts/cm/cmsy5.p
fb></usr/local/texlive/2013basic/texmf-dist/fonts/type1/public/amsfonts/cm/cmsy
7.pfb></usr/local/texlive/2013basic/texmf-dist/fonts/type1/public/amsfonts/cm/c
mti10.pfb></usr/local/texlive/2013basic/texmf-dist/fonts/type1/public/amsfonts/
cm/cmti12.pfb></usr/local/texlive/2013basic/texmf-dist/fonts/type1/public/amsfo
nts/cm/cmtt10.pfb>
Output written on draft.pdf (8 pages, 988854 bytes).
PDF statistics:
 116 PDF objects out of 1000 (max. 8388607)
 83 compressed objects within 1 object stream
 0 named destinations out of 1000 (max. 500000)
 6 words of extra memory for PDF output out of 10000 (max. 10000000)

